{"numFailedTestSuites":0,"numFailedTests":0,"numPassedTestSuites":8,"numPassedTests":16,"numPendingTestSuites":0,"numPendingTests":0,"numRuntimeErrorTestSuites":0,"numTodoTests":0,"numTotalTestSuites":8,"numTotalTests":16,"openHandles":[],"snapshot":{"added":0,"didUpdate":false,"failure":false,"filesAdded":0,"filesRemoved":0,"filesRemovedList":[],"filesUnmatched":0,"filesUpdated":0,"matched":0,"total":0,"unchecked":0,"uncheckedKeysByFile":[],"unmatched":0,"updated":0},"startTime":1741955199716,"success":true,"testResults":[{"assertionResults":[{"ancestorTitles":["Home Page"],"failureMessages":[],"fullName":"Home Page renders without crashing","location":null,"status":"passed","title":"renders without crashing"}],"endTime":1741955202649,"message":"","name":"C:\\Users\\gamba\\Documents\\Coding\\pokemon-team-assignment\\src\\pages\\__tests__\\Home.test.tsx","startTime":1741955201259,"status":"passed","summary":""},{"assertionResults":[{"ancestorTitles":["NotFound Page"],"failureMessages":[],"fullName":"NotFound Page renders without crashing","location":null,"status":"passed","title":"renders without crashing"}],"endTime":1741955202669,"message":"","name":"C:\\Users\\gamba\\Documents\\Coding\\pokemon-team-assignment\\src\\pages\\__tests__\\NotFound.test.tsx","startTime":1741955201265,"status":"passed","summary":""},{"assertionResults":[{"ancestorTitles":["NavBar"],"failureMessages":[],"fullName":"NavBar renders the logo text","location":null,"status":"passed","title":"renders the logo text"},{"ancestorTitles":["NavBar"],"failureMessages":[],"fullName":"NavBar renders navigation links","location":null,"status":"passed","title":"renders navigation links"},{"ancestorTitles":["NavBar"],"failureMessages":[],"fullName":"NavBar renders the Pokeball image","location":null,"status":"passed","title":"renders the Pokeball image"}],"endTime":1741955202678,"message":"","name":"C:\\Users\\gamba\\Documents\\Coding\\pokemon-team-assignment\\src\\components\\layout\\__tests__\\NavBar.test.tsx","startTime":1741955201261,"status":"passed","summary":""},{"assertionResults":[{"ancestorTitles":["Teams Page"],"failureMessages":[],"fullName":"Teams Page renders without crashing","location":null,"status":"passed","title":"renders without crashing"}],"endTime":1741955202681,"message":"","name":"C:\\Users\\gamba\\Documents\\Coding\\pokemon-team-assignment\\src\\pages\\__tests__\\Teams.test.tsx","startTime":1741955201269,"status":"passed","summary":""},{"assertionResults":[{"ancestorTitles":["TeamDetails Page"],"failureMessages":[],"fullName":"TeamDetails Page renders without crashing","location":null,"status":"passed","title":"renders without crashing"},{"ancestorTitles":["TeamDetails Page"],"failureMessages":[],"fullName":"TeamDetails Page displays team ID from URL parameters","location":null,"status":"passed","title":"displays team ID from URL parameters"}],"endTime":1741955202731,"message":"","name":"C:\\Users\\gamba\\Documents\\Coding\\pokemon-team-assignment\\src\\pages\\__tests__\\TeamDetails.test.tsx","startTime":1741955201277,"status":"passed","summary":""},{"assertionResults":[{"ancestorTitles":["PokemonCard"],"failureMessages":[],"fullName":"PokemonCard renders pokemon name","location":null,"status":"passed","title":"renders pokemon name"},{"ancestorTitles":["PokemonCard"],"failureMessages":[],"fullName":"PokemonCard renders pokemon image","location":null,"status":"passed","title":"renders pokemon image"}],"endTime":1741955202759,"message":"","name":"C:\\Users\\gamba\\Documents\\Coding\\pokemon-team-assignment\\src\\components\\pokemon\\__tests__\\PokemonCard.test.tsx","startTime":1741955201285,"status":"passed","summary":""},{"assertionResults":[{"ancestorTitles":["App"],"failureMessages":[],"fullName":"App renders without crashing","location":null,"status":"passed","title":"renders without crashing"}],"endTime":1741955202795,"message":"","name":"C:\\Users\\gamba\\Documents\\Coding\\pokemon-team-assignment\\src\\App.test.tsx","startTime":1741955201258,"status":"passed","summary":""},{"assertionResults":[{"ancestorTitles":["Pokedex Page","Initial Loading State"],"failureMessages":[],"fullName":"Pokedex Page Initial Loading State shows loading state initially","location":null,"status":"passed","title":"shows loading state initially"},{"ancestorTitles":["Pokedex Page","Error States"],"failureMessages":[],"fullName":"Pokedex Page Error States shows error state when Pokemon list fails to load","location":null,"status":"passed","title":"shows error state when Pokemon list fails to load"},{"ancestorTitles":["Pokedex Page","Successful Load"],"failureMessages":[],"fullName":"Pokedex Page Successful Load renders pokemon list with controls","location":null,"status":"passed","title":"renders pokemon list with controls"},{"ancestorTitles":["Pokedex Page","Search Functionality"],"failureMessages":[],"fullName":"Pokedex Page Search Functionality handles search correctly","location":null,"status":"passed","title":"handles search correctly"},{"ancestorTitles":["Pokedex Page","Search Functionality"],"failureMessages":[],"fullName":"Pokedex Page Search Functionality shows no results message when search finds nothing","location":null,"status":"passed","title":"shows no results message when search finds nothing"}],"endTime":1741955203910,"message":"","name":"C:\\Users\\gamba\\Documents\\Coding\\pokemon-team-assignment\\src\\pages\\__tests__\\Pokedex.test.tsx","startTime":1741955201265,"status":"passed","summary":""}],"wasInterrupted":false}